<?xml version="1.0" encoding="UTF-8"?>
<!-- Generated by org.testng.reporters.JUnitXMLReporter -->
<testsuite ignored="0" hostname="saris-MBP.netis.cc" failures="0" tests="3" name="Default test" time="14.597" errors="0" timestamp="2026-05-17T13:52:17 EEST">
  <testcase classname="TestPackage.SelectableTest" name="listActiveByDefaultTest" time="10.35"/>
  <testcase classname="TestPackage.SelectableTest" name="checkSelectedList" time="0.174"/>
  <testcase classname="TestPackage.SelectableTest" name="checkSelectedGrid" time="0.278"/>
</testsuite> <!-- Default test -->
