<?xml version="1.0" encoding="UTF-8"?>
<testng-results ignored="0" total="3" passed="3" failed="0" skipped="0">
  <reporter-output>
  </reporter-output>
  <suite started-at="2026-05-17T13:52:02 EEST" name="Default suite" finished-at="2026-05-17T13:52:17 EEST" duration-ms="14597">
    <groups>
    </groups>
    <test started-at="2026-05-17T13:52:02 EEST" name="Default test" finished-at="2026-05-17T13:52:17 EEST" duration-ms="14597">
      <class name="TestPackage.SelectableTest">
        <test-method is-config="true" signature="setup()[pri:0, instance:TestPackage.SelectableTest@2a4fb17b]" started-at="2026-05-17T13:52:02 EEST" name="setup" finished-at="2026-05-17T13:52:05 EEST" duration-ms="2696" status="PASS">
          <reporter-output>
          </reporter-output>
        </test-method> <!-- setup -->
        <test-method is-config="true" signature="setupPage()[pri:0, instance:TestPackage.SelectableTest@2a4fb17b]" started-at="2026-05-17T13:52:05 EEST" name="setupPage" finished-at="2026-05-17T13:52:05 EEST" duration-ms="380" status="PASS">
          <reporter-output>
          </reporter-output>
        </test-method> <!-- setupPage -->
        <test-method signature="listActiveByDefaultTest()[pri:1, instance:TestPackage.SelectableTest@2a4fb17b]" started-at="2026-05-17T13:52:05 EEST" name="listActiveByDefaultTest" finished-at="2026-05-17T13:52:16 EEST" duration-ms="10350" status="PASS">
          <reporter-output>
          </reporter-output>
        </test-method> <!-- listActiveByDefaultTest -->
        <test-method is-config="true" signature="setupPage()[pri:0, instance:TestPackage.SelectableTest@2a4fb17b]" started-at="2026-05-17T13:52:16 EEST" name="setupPage" finished-at="2026-05-17T13:52:16 EEST" duration-ms="324" status="PASS">
          <reporter-output>
          </reporter-output>
        </test-method> <!-- setupPage -->
        <test-method signature="checkSelectedList()[pri:2, instance:TestPackage.SelectableTest@2a4fb17b]" started-at="2026-05-17T13:52:16 EEST" name="checkSelectedList" finished-at="2026-05-17T13:52:16 EEST" duration-ms="174" status="PASS">
          <reporter-output>
          </reporter-output>
        </test-method> <!-- checkSelectedList -->
        <test-method is-config="true" signature="setupPage()[pri:0, instance:TestPackage.SelectableTest@2a4fb17b]" started-at="2026-05-17T13:52:16 EEST" name="setupPage" finished-at="2026-05-17T13:52:17 EEST" duration-ms="214" status="PASS">
          <reporter-output>
          </reporter-output>
        </test-method> <!-- setupPage -->
        <test-method signature="checkSelectedGrid()[pri:3, instance:TestPackage.SelectableTest@2a4fb17b]" started-at="2026-05-17T13:52:17 EEST" name="checkSelectedGrid" finished-at="2026-05-17T13:52:17 EEST" duration-ms="278" status="PASS">
          <reporter-output>
          </reporter-output>
        </test-method> <!-- checkSelectedGrid -->
        <test-method is-config="true" signature="tearDown()[pri:0, instance:TestPackage.SelectableTest@2a4fb17b]" started-at="2026-05-17T13:52:17 EEST" name="tearDown" finished-at="2026-05-17T13:52:17 EEST" duration-ms="131" status="PASS">
          <reporter-output>
          </reporter-output>
        </test-method> <!-- tearDown -->
      </class> <!-- TestPackage.SelectableTest -->
    </test> <!-- Default test -->
  </suite> <!-- Default suite -->
</testng-results>
