<?xml version="1.0" encoding="UTF-8"?>
<!-- Generated by org.testng.reporters.JUnitReportReporter -->
<testsuite hostname="saris-MBP.netis.cc" failures="0" tests="3" name="TestPackage.SelectableTest" time="11.720" errors="0" timestamp="2026-05-17T13:52:17 EEST" skipped="0">
  <testcase classname="TestPackage.SelectableTest" name="listActiveByDefaultTest" time="10.730"/>
  <testcase classname="TestPackage.SelectableTest" name="checkSelectedList" time="0.388"/>
  <testcase classname="TestPackage.SelectableTest" name="checkSelectedGrid" time="0.602"/>
</testsuite> <!-- TestPackage.SelectableTest -->
